#
# There is insufficient memory for the Java Runtime Environment to continue.
# Native memory allocation (mmap) failed to map 134217728 bytes for G1 virtual space
# Possible reasons:
#   The system is out of physical RAM or swap space
#   The process is running with CompressedOops enabled, and the Java Heap may be blocking the growth of the native heap
# Possible solutions:
#   Reduce memory load on the system
#   Increase physical memory or swap space
#   Check if swap backing store is full
#   Decrease Java heap size (-Xmx/-Xms)
#   Decrease number of Java threads
#   Decrease Java thread stack sizes (-Xss)
#   Set larger code cache with -XX:ReservedCodeCacheSize=
#   JVM is running with Unscaled Compressed Oops mode in which the Java heap is
#     placed in the first 4GB address space. The Java Heap base address is the
#     maximum limit for the native heap growth. Please use -XX:HeapBaseMinAddress
#     to set the Java Heap base and to place the Java Heap above 4GB virtual address.
# This output file may be truncated or incomplete.
#
#  Out of Memory Error (os_windows.cpp:3527), pid=18064, tid=12652
#
# JRE version:  (19.0+36) (build )
# Java VM: Java HotSpot(TM) 64-Bit Server VM (19+36-2238, mixed mode, sharing, tiered, compressed oops, compressed class ptrs, g1 gc, windows-amd64)
# No core dump will be written. Minidumps are not enabled by default on client versions of Windows
#

---------------  S U M M A R Y ------------

Command Line: 

Host: Intel(R) Core(TM) i5-6300U CPU @ 2.40GHz, 4 cores, 7G,  Windows 10 , 64 bit Build 19041 (10.0.19041.2913)
Time: Thu May 18 21:56:44 2023 Pakistan Standard Time elapsed time: 0.029567 seconds (0d 0h 0m 0s)

---------------  T H R E A D  ---------------

Current thread (0x0000022529f7c120):  JavaThread "Unknown thread" [_thread_in_vm, id=12652, stack(0x00000065f3b00000,0x00000065f3c00000)]

Stack: [0x00000065f3b00000,0x00000065f3c00000]
Native frames: (J=compiled Java code, j=interpreted, Vv=VM code, C=native code)
V  [jvm.dll+0x6ee8fa]
V  [jvm.dll+0x857a1e]
V  [jvm.dll+0x85940e]
V  [jvm.dll+0x859ac3]
V  [jvm.dll+0x28291f]
V  [jvm.dll+0x6eb6e9]
V  [jvm.dll+0x6e028a]
V  [jvm.dll+0x357136]
V  [jvm.dll+0x35eb96]
V  [jvm.dll+0x3b555e]
V  [jvm.dll+0x3b578f]
V  [jvm.dll+0x32c6ea]
V  [jvm.dll+0x32d59e]
V  [jvm.dll+0x821b20]
V  [jvm.dll+0x3c27c1]
V  [jvm.dll+0x8022f1]
V  [jvm.dll+0x44b30f]
V  [jvm.dll+0x44cc91]
C  [jli.dll+0x5287]
C  [ucrtbase.dll+0x21bb2]
C  [KERNEL32.DLL+0x17614]
C  [ntdll.dll+0x526a1]


---------------  P R O C E S S  ---------------

Threads class SMR info:
_java_thread_list=0x00007ff8ce08d048, length=0, elements={
}

Java Threads: ( => current thread )

Other Threads:
  0x0000022529fd9b20 WorkerThread "GC Thread#0" [stack: 0x00000065f3c00000,0x00000065f3d00000] [id=15536]
  0x0000022529fea700 ConcurrentGCThread "G1 Main Marker" [stack: 0x00000065f3d00000,0x00000065f3e00000] [id=10740]
  0x0000022529feb130 WorkerThread "G1 Conc#0" [stack: 0x00000065f3e00000,0x00000065f3f00000] [id=15968]

[error occurred during error reporting (printing all threads), id 0xc0000005, EXCEPTION_ACCESS_VIOLATION (0xc0000005) at pc=0x00007ff8cd84d127]

VM state: not at safepoint (not fully initialized)

VM Mutex/Monitor currently owned by a thread:  ([mutex/lock_event])
[0x0000022529f77e00] Heap_lock - owner thread: 0x0000022529f7c120

Heap address: 0x0000000081c00000, size: 2020 MB, Compressed Oops mode: 32-bit

CDS archive(s) mapped at: [0x0000000000000000-0x0000000000000000-0x0000000000000000), size 0, SharedBaseAddress: 0x0000000800000000, ArchiveRelocationMode: 0.
Narrow klass base: 0x0000000000000000, Narrow klass shift: 0, Narrow klass range: 0x0

GC Precious Log:
 CardTable entry size: 512
 Card Set container configuration: InlinePtr #cards 5 size 8 Array Of Cards #cards 12 size 40 Howl #buckets 4 coarsen threshold 1843 Howl Bitmap #cards 512 size 80 coarsen threshold 460 Card regions per heap region 1 cards per card region 2048

Heap:
 garbage-first heap   total 0K, used 0K [0x0000000081c00000, 0x0000000100000000)
  region size 1024K, 0 young (0K), 0 survivors (0K)

[error occurred during error reporting (printing heap information), id 0xc0000005, EXCEPTION_ACCESS_VIOLATION (0xc0000005) at pc=0x00007ff8cdc56959]

GC Heap History (0 events):
No events

Dll operation events (1 events):
Event: 0.015 Loaded shared library D:\Program Files\Java\bin\java.dll

Deoptimization events (0 events):
No events

Classes loaded (0 events):
No events

Classes unloaded (0 events):
No events

Classes redefined (0 events):
No events

Internal exceptions (0 events):
No events

VM Operations (0 events):
No events

Events (0 events):
No events


Dynamic libraries:
0x00007ff7fac50000 - 0x00007ff7fac60000 	D:\Program Files\Java\bin\java.exe
0x00007ff92d610000 - 0x00007ff92d808000 	C:\WINDOWS\SYSTEM32\ntdll.dll
0x00007ff92bea0000 - 0x00007ff92bf5f000 	C:\WINDOWS\System32\KERNEL32.DLL
0x00007ff92ae80000 - 0x00007ff92b176000 	C:\WINDOWS\System32\KERNELBASE.dll
0x00007ff92b500000 - 0x00007ff92b600000 	C:\WINDOWS\System32\ucrtbase.dll
0x00007ff921070000 - 0x00007ff921088000 	D:\Program Files\Java\bin\jli.dll
0x00007ff92c110000 - 0x00007ff92c1bf000 	C:\WINDOWS\System32\ADVAPI32.dll
0x00007ff92bc60000 - 0x00007ff92bcfe000 	C:\WINDOWS\System32\msvcrt.dll
0x00007ff92cdd0000 - 0x00007ff92ce6c000 	C:\WINDOWS\System32\sechost.dll
0x00007ff92c9d0000 - 0x00007ff92caf6000 	C:\WINDOWS\System32\RPCRT4.dll
0x00007ff92bd00000 - 0x00007ff92be9d000 	C:\WINDOWS\System32\USER32.dll
0x00007ff92acf0000 - 0x00007ff92ad12000 	C:\WINDOWS\System32\win32u.dll
0x00007ff92cda0000 - 0x00007ff92cdcc000 	C:\WINDOWS\System32\GDI32.dll
0x00007ff92b180000 - 0x00007ff92b295000 	C:\WINDOWS\System32\gdi32full.dll
0x00007ff92b380000 - 0x00007ff92b41d000 	C:\WINDOWS\System32\msvcp_win.dll
0x00007ff9162c0000 - 0x00007ff91655a000 	C:\WINDOWS\WinSxS\amd64_microsoft.windows.common-controls_6595b64144ccf1df_6.0.19041.1110_none_60b5254171f9507e\COMCTL32.dll
0x00007ff919430000 - 0x00007ff91943a000 	C:\WINDOWS\SYSTEM32\VERSION.dll
0x00007ff9196f0000 - 0x00007ff91970b000 	D:\Program Files\Java\bin\VCRUNTIME140.dll
0x00007ff92c1c0000 - 0x00007ff92c1f0000 	C:\WINDOWS\System32\IMM32.DLL
0x00007ff9221f0000 - 0x00007ff9221fc000 	D:\Program Files\Java\bin\vcruntime140_1.dll
0x00007ff8ef9b0000 - 0x00007ff8efa3e000 	D:\Program Files\Java\bin\msvcp140.dll
0x00007ff8cd510000 - 0x00007ff8ce1d0000 	D:\Program Files\Java\bin\server\jvm.dll
0x00007ff921010000 - 0x00007ff921019000 	C:\WINDOWS\SYSTEM32\WSOCK32.dll
0x00007ff92c340000 - 0x00007ff92c3ab000 	C:\WINDOWS\System32\WS2_32.dll
0x00007ff9123d0000 - 0x00007ff9123f7000 	C:\WINDOWS\SYSTEM32\WINMM.dll
0x00007ff929540000 - 0x00007ff929552000 	C:\WINDOWS\SYSTEM32\kernel.appcore.dll
0x00007ff920470000 - 0x00007ff92047a000 	D:\Program Files\Java\bin\jimage.dll
0x00007ff928a30000 - 0x00007ff928c14000 	C:\WINDOWS\SYSTEM32\DBGHELP.DLL
0x00007ff917d40000 - 0x00007ff917d74000 	C:\WINDOWS\SYSTEM32\dbgcore.DLL
0x00007ff92b2f0000 - 0x00007ff92b372000 	C:\WINDOWS\System32\bcryptPrimitives.dll
0x00007ff914e50000 - 0x00007ff914e76000 	D:\Program Files\Java\bin\java.dll

dbghelp: loaded successfully - version: 4.0.5 - missing functions: none
symbol engine: initialized successfully - sym options: 0x614 - pdb path: .;D:\Program Files\Java\bin;C:\WINDOWS\SYSTEM32;C:\WINDOWS\WinSxS\amd64_microsoft.windows.common-controls_6595b64144ccf1df_6.0.19041.1110_none_60b5254171f9507e;D:\Program Files\Java\bin\server

VM Arguments:
java_command: <unknown>
java_class_path (initial): <not set>
Launcher Type: SUN_STANDARD

[Global flags]
     intx CICompilerCount                          = 3                                         {product} {ergonomic}
     uint ConcGCThreads                            = 1                                         {product} {ergonomic}
     uint G1ConcRefinementThreads                  = 4                                         {product} {ergonomic}
   size_t G1HeapRegionSize                         = 1048576                                   {product} {ergonomic}
    uintx GCDrainStackTargetSize                   = 64                                        {product} {ergonomic}
   size_t InitialHeapSize                          = 134217728                                 {product} {ergonomic}
   size_t MarkStackSize                            = 4194304                                   {product} {ergonomic}
   size_t MaxHeapSize                              = 2118123520                                {product} {ergonomic}
   size_t MinHeapDeltaBytes                        = 1048576                                   {product} {ergonomic}
   size_t MinHeapSize                              = 8388608                                   {product} {ergonomic}
    uintx NonNMethodCodeHeapSize                   = 5832780                                {pd product} {ergonomic}
    uintx NonProfiledCodeHeapSize                  = 122912730                              {pd product} {ergonomic}
    uintx ProfiledCodeHeapSize                     = 122912730                              {pd product} {ergonomic}
    uintx ReservedCodeCacheSize                    = 251658240                              {pd product} {ergonomic}
     bool SegmentedCodeCache                       = true                                      {product} {ergonomic}
   size_t SoftMaxHeapSize                          = 2118123520                             {manageable} {ergonomic}
     bool UseCompressedClassPointers               = true                           {product lp64_product} {ergonomic}
     bool UseCompressedOops                        = true                           {product lp64_product} {ergonomic}
     bool UseG1GC                                  = true                                      {product} {ergonomic}
     bool UseLargePagesIndividualAllocation        = false                                  {pd product} {ergonomic}

Logging:
Log output configuration:
 #0: stdout all=warning uptime,level,tags foldmultilines=false
 #1: stderr all=off uptime,level,tags foldmultilines=false

Environment Variables:
PATH=C:\Program Files\Common Files\Oracle\Java\javapath;C:\WINDOWS\system32;C:\WINDOWS;C:\WINDOWS\System32\Wbem;C:\WINDOWS\System32\WindowsPowerShell\v1.0\;C:\WINDOWS\System32\OpenSSH\;C:\Program Files (x86)\Intel\Intel(R) Management Engine Components\DAL;C:\Program Files\Intel\Intel(R) Management Engine Components\DAL;D:\Downloads\xamp setup\php;C:\ProgramData\ComposerSetup\bin;C:\Users\wiz tech\AppData\Local\Microsoft\WindowsApps;D:\Downloads\flutter\bin;D:\Downloads\bin;D:\Downloads\visual studio\vscode\bin;D:\Downloads\Visual studio\bin;D:\Downloads\visual studio\visualcodesetup\bin;C:\Users\wiz tech\AppData\Local\GitHubDesktop\bin;D:\Downloads\android-sdk\platform-tools;C:\Users\wiz tech\AppData\Local\Pub\Cache\bin;C:\Users\wiz tech\AppData\Local\Pub\Cache\bin;C:\Users\wiz tech\AppData\Roaming\Composer\vendor\bin;D:\Downloads\flutter\bin\mingit\cmd
USERNAME=Zarish
OS=Windows_NT
PROCESSOR_IDENTIFIER=Intel64 Family 6 Model 78 Stepping 3, GenuineIntel
TMP=C:\Users\WIZTEC~1\AppData\Local\Temp
TEMP=C:\Users\WIZTEC~1\AppData\Local\Temp



---------------  S Y S T E M  ---------------

OS:
 Windows 10 , 64 bit Build 19041 (10.0.19041.2913)
OS uptime: 5 days 23:42 hours

CPU: total 4 (initial active 4) (2 cores per cpu, 2 threads per core) family 6 model 78 stepping 3 microcode 0xf0, cx8, cmov, fxsr, ht, mmx, 3dnowpref, sse, sse2, sse3, ssse3, sse4.1, sse4.2, popcnt, lzcnt, tsc, tscinvbit, avx, avx2, aes, erms, clmul, bmi1, bmi2, rtm, adx, fma, vzeroupper, clflush, clflushopt, rdtscp

Memory: 4k page, system-wide physical 8072M (469M free)
TotalPageFile size 12168M (AvailPageFile size 93M)
current process WorkingSet (physical memory assigned to process): 10M, peak: 10M
current process commit charge ("private bytes"): 52M, peak: 180M

vm_info: Java HotSpot(TM) 64-Bit Server VM (19+36-2238) for windows-amd64 JRE (19+36-2238), built on 2022-08-12T20:29:01Z by "mach5one" with MS VC++ 17.1 (VS2022)

END.
